<?xml version="1.0" encoding="UTF-8"?>
<robot generator="Robot 7.0.1 (Python 3.12.5 on darwin)" generated="2024-09-03T11:51:37.427712" rpa="false" schemaversion="5">
<suite id="s1" name="Teste" source="/Users/raiannalima/Documents/Programming/Courses/Robot-Framework-02/teste.robot">
<test id="s1-t1" name="Cenário 1: Acessando o site do Robot" line="12">
<kw name="Abrir Site">
<kw name="Open Browser" owner="SeleniumLibrary">
<msg time="2024-09-03T11:51:37.758945" level="INFO">Opening browser 'chrome' to base url 'https://robotframework.org/'.</msg>
<arg>https://robotframework.org/</arg>
<arg>chrome</arg>
<doc>Opens a new browser instance to the optional ``url``.</doc>
<status status="PASS" start="2024-09-03T11:51:37.758627" elapsed="10.212516"/>
</kw>
<status status="PASS" start="2024-09-03T11:51:37.757646" elapsed="10.214802"/>
</kw>
<status status="PASS" start="2024-09-03T11:51:37.756763" elapsed="10.216465"/>
</test>
<status status="PASS" start="2024-09-03T11:51:37.429678" elapsed="10.546011"/>
</suite>
<statistics>
<total>
<stat pass="1" fail="0" skip="0">All Tests</stat>
</total>
<tag>
</tag>
<suite>
<stat pass="1" fail="0" skip="0" id="s1" name="Teste">Teste</stat>
</suite>
</statistics>
<errors>
</errors>
</robot>
